<?xml version="1.0" encoding="UTF-8"?>
<!-- Generated by org.testng.reporters.JUnitReportReporter -->
<testsuite skipped="0" hostname="DESKTOP-ECON0E4" name="test.api.automation.TC_001_GetMethod" tests="1" failures="0" timestamp="2020-11-16T15:03:15 CET" time="2.164" errors="0">
  <testcase name="tc_001_getMethod_validation" time="2.164" classname="test.api.automation.TC_001_GetMethod"/>
</testsuite> <!-- test.api.automation.TC_001_GetMethod -->
