<?xml version="1.0" encoding="UTF-8"?>
<!-- Generated by org.testng.reporters.JUnitReportReporter -->
<testsuite skipped="0" hostname="DESKTOP-ECON0E4" name="test.api.automation.TC_001_CRUDMethod" tests="1" failures="0" timestamp="2020-11-16T21:37:47 CET" time="3.546" errors="0">
  <testcase name="tc_001" time="3.546" classname="test.api.automation.TC_001_CRUDMethod"/>
  <system-out/>
</testsuite> <!-- test.api.automation.TC_001_CRUDMethod -->
